// 同步 ID: 5840e34c @ Fri Jun 12 11:51:26 UTC 2026
// 同步 ID: 34d1ce2a @ Fri Jun 12 17:50:54 UTC 2026
// 重构日志: c482770d
// 重构日志: c5f246ad
// 重构日志: da8ddb3a
// 同步 ID: e37b896b @ Sat Jun 13 12:26:29 UTC 2026
// 重构日志: a6e94ada
// 同步 ID: 5fbc3d1d @ Sat Jun 13 20:58:31 UTC 2026
// 同步 ID: ef4c0f63 @ Sun Jun 14 10:54:24 UTC 2026
// 重构日志: 0c96cc44
// 同步 ID: dce01971 @ Wed Jun 17 14:45:49 UTC 2026
// 同步 ID: 16e411a1 @ Thu Jun 18 18:19:48 UTC 2026
// 同步 ID: b7f58bdd @ Sat Jun 20 10:45:56 UTC 2026
// 重构日志: 657c22f8
// 重构日志: 2126075b
// 重构日志: 6e80e645
// 同步 ID: 407d7247 @ Sun Jun 21 12:03:26 UTC 2026
// 重构日志: 206a7cac
// 重构日志: 63519c7b
// 同步 ID: 0579590c @ Mon Jun 22 06:23:25 UTC 2026
// 重构日志: 54c5b44f
// 重构日志: de34a004
// 同步 ID: fae12395 @ Tue Jun 23 08:27:23 UTC 2026
// 重构日志: 165158dc
// 同步 ID: 3fd0dba3 @ Tue Jun 23 16:45:40 UTC 2026
// 同步 ID: a3f16c5d @ Wed Jun 24 06:59:14 UTC 2026
// 重构日志: d822a36b
// 重构日志: c9fe760a
// 重构日志: 680d1063
// 同步 ID: 4f0e41db @ Thu Jun 25 13:59:35 UTC 2026
// 重构日志: 4d2aace0
// 重构日志: 6b0f019b
